<?xml version="1.0" encoding="UTF-8"?>
<testsuite name="DollarCalculatorTest" tests="3" skipped="0" failures="0" errors="0" timestamp="2022-01-27T07:58:55" hostname="gimminsuui-MacBookPro.local" time="0.357">
  <properties/>
  <testcase name="dollarTest()" classname="DollarCalculatorTest" time="0.351"/>
  <testcase name="testHello()" classname="DollarCalculatorTest" time="0.002"/>
  <testcase name="mockTest()" classname="DollarCalculatorTest" time="0.003"/>
  <system-out><![CDATA[22000
hello
]]></system-out>
  <system-err><![CDATA[]]></system-err>
</testsuite>
